<?xml version="1.0" encoding="UTF-8"?>
<!-- Generated by org.testng.reporters.JUnitXMLReporter -->
<testsuite ignored="0" hostname="DESKTOP-ASUMK46" failures="9" tests="9" name="Command line test" time="33.407" errors="0" timestamp="12 Jul 2018 23:11:56 GMT">
  <testcase classname="cucumber.api.testng.AbstractTestNGCucumberTests" name="runScenario" time="4.053">
    <failure type="java.lang.NullPointerException">
      <![CDATA[java.lang.NullPointerException
at stepPack.FundTransferStepdefinition.i_am_on_fund_transfer_web_page(FundTransferStepdefinition.java:18)
at ✽.I am on fund transfer web page(src/test/resources/Feature/FundTranfer.feature:5)
]]>
    </failure>
  </testcase> <!-- runScenario -->
  <testcase classname="cucumber.api.testng.AbstractTestNGCucumberTests" name="runScenario" time="3.233">
    <failure type="java.lang.NullPointerException">
      <![CDATA[java.lang.NullPointerException
at stepPack.FundTransferStepdefinition.i_am_on_fund_transfer_web_page(FundTransferStepdefinition.java:18)
at ✽.I am on fund transfer web page(src/test/resources/Feature/FundTranfer.feature:11)
]]>
    </failure>
  </testcase> <!-- runScenario -->
  <testcase classname="cucumber.api.testng.AbstractTestNGCucumberTests" name="runScenario" time="3.237">
    <failure type="java.lang.NullPointerException">
      <![CDATA[java.lang.NullPointerException
at stepPack.FundTransferStepdefinition.i_am_on_fund_transfer_web_page(FundTransferStepdefinition.java:18)
at ✽.I am on fund transfer web page(src/test/resources/Feature/FundTranfer.feature:17)
]]>
    </failure>
  </testcase> <!-- runScenario -->
  <testcase classname="cucumber.api.testng.AbstractTestNGCucumberTests" name="runScenario" time="3.517">
    <failure type="java.lang.NullPointerException">
      <![CDATA[java.lang.NullPointerException
at stepPack.OurWebSiteStepDefinition.user_is_on_registration_form_web_page(OurWebSiteStepDefinition.java:14)
at ✽.user is on registration form web page(src/test/resources/Feature/OurWebSite.feature:5)
]]>
    </failure>
  </testcase> <!-- runScenario -->
  <testcase classname="cucumber.api.testng.AbstractTestNGCucumberTests" name="runScenario" time="3.583">
    <failure type="java.lang.NullPointerException">
      <![CDATA[java.lang.NullPointerException
at stepPack.OurWebSiteStepDefinition.user_is_on_registration_form_web_page(OurWebSiteStepDefinition.java:14)
at ✽.user is on registration form web page(src/test/resources/Feature/OurWebSite.feature:5)
]]>
    </failure>
  </testcase> <!-- runScenario -->
  <testcase classname="cucumber.api.testng.AbstractTestNGCucumberTests" name="runScenario" time="5.858">
    <failure type="java.lang.NullPointerException">
      <![CDATA[java.lang.NullPointerException
at stepPack.OurWebSiteStepDefinition.user_is_on_registration_form_web_page(OurWebSiteStepDefinition.java:14)
at ✽.user is on registration form web page(src/test/resources/Feature/OurWebSite.feature:5)
]]>
    </failure>
  </testcase> <!-- runScenario -->
  <testcase classname="cucumber.api.testng.AbstractTestNGCucumberTests" name="runScenario" time="3.196">
    <failure type="java.lang.NullPointerException">
      <![CDATA[java.lang.NullPointerException
at stepPack.OurWebSiteStepDefinition.user_is_on_registration_form_web_page(OurWebSiteStepDefinition.java:14)
at ✽.user is on registration form web page(src/test/resources/Feature/OurWebSite.feature:5)
]]>
    </failure>
  </testcase> <!-- runScenario -->
  <testcase classname="cucumber.api.testng.AbstractTestNGCucumberTests" name="runScenario" time="3.24">
    <failure type="java.lang.NullPointerException">
      <![CDATA[java.lang.NullPointerException
at stepPack.OurWebSiteStepDefinition.user_is_on_registration_form_web_page(OurWebSiteStepDefinition.java:14)
at ✽.user is on registration form web page(src/test/resources/Feature/OurWebSite.feature:5)
]]>
    </failure>
  </testcase> <!-- runScenario -->
  <testcase classname="cucumber.api.testng.AbstractTestNGCucumberTests" name="runScenario" time="3.238">
    <failure type="java.lang.NullPointerException">
      <![CDATA[java.lang.NullPointerException
at stepPack.OurWebSiteStepDefinition.user_is_on_registration_form_web_page(OurWebSiteStepDefinition.java:14)
at ✽.user is on registration form web page(src/test/resources/Feature/OurWebSite.feature:5)
]]>
    </failure>
  </testcase> <!-- runScenario -->
</testsuite> <!-- Command line test -->
