<?xml version="1.0" encoding="UTF-8"?>
<!-- Generated by org.testng.reporters.JUnitXMLReporter -->
<testsuite ignored="0" hostname="DESKTOP-ASUMK46" failures="9" tests="9" name="Default test" time="31.805" errors="0" timestamp="12 Jul 2018 23:06:29 GMT">
  <testcase classname="cucumber.api.testng.AbstractTestNGCucumberTests" name="runScenario" time="3.922">
    <failure type="java.lang.NullPointerException">
      <![CDATA[java.lang.NullPointerException
at stepPack.FundTransferStepdefinition.i_am_on_fund_transfer_web_page(FundTransferStepdefinition.java:18)
at ✽.I am on fund transfer web page(src/test/resources/Feature/FundTranfer.feature:5)
]]>
    </failure>
  </testcase> <!-- runScenario -->
  <testcase classname="cucumber.api.testng.AbstractTestNGCucumberTests" name="runScenario" time="3.521">
    <failure type="java.lang.NullPointerException">
      <![CDATA[java.lang.NullPointerException
at stepPack.FundTransferStepdefinition.i_am_on_fund_transfer_web_page(FundTransferStepdefinition.java:18)
at ✽.I am on fund transfer web page(src/test/resources/Feature/FundTranfer.feature:11)
]]>
    </failure>
  </testcase> <!-- runScenario -->
  <testcase classname="cucumber.api.testng.AbstractTestNGCucumberTests" name="runScenario" time="3.355">
    <failure type="java.lang.NullPointerException">
      <![CDATA[java.lang.NullPointerException
at stepPack.FundTransferStepdefinition.i_am_on_fund_transfer_web_page(FundTransferStepdefinition.java:18)
at ✽.I am on fund transfer web page(src/test/resources/Feature/FundTranfer.feature:17)
]]>
    </failure>
  </testcase> <!-- runScenario -->
  <testcase classname="cucumber.api.testng.AbstractTestNGCucumberTests" name="runScenario" time="3.234">
    <failure type="java.lang.NullPointerException">
      <![CDATA[java.lang.NullPointerException
at stepPack.OurWebSiteStepDefinition.user_is_on_registration_form_web_page(OurWebSiteStepDefinition.java:14)
at ✽.user is on registration form web page(src/test/resources/Feature/OurWebSite.feature:5)
]]>
    </failure>
  </testcase> <!-- runScenario -->
  <testcase classname="cucumber.api.testng.AbstractTestNGCucumberTests" name="runScenario" time="3.265">
    <failure type="java.lang.NullPointerException">
      <![CDATA[java.lang.NullPointerException
at stepPack.OurWebSiteStepDefinition.user_is_on_registration_form_web_page(OurWebSiteStepDefinition.java:14)
at ✽.user is on registration form web page(src/test/resources/Feature/OurWebSite.feature:5)
]]>
    </failure>
  </testcase> <!-- runScenario -->
  <testcase classname="cucumber.api.testng.AbstractTestNGCucumberTests" name="runScenario" time="3.303">
    <failure type="java.lang.NullPointerException">
      <![CDATA[java.lang.NullPointerException
at stepPack.OurWebSiteStepDefinition.user_is_on_registration_form_web_page(OurWebSiteStepDefinition.java:14)
at ✽.user is on registration form web page(src/test/resources/Feature/OurWebSite.feature:5)
]]>
    </failure>
  </testcase> <!-- runScenario -->
  <testcase classname="cucumber.api.testng.AbstractTestNGCucumberTests" name="runScenario" time="3.53">
    <failure type="java.lang.NullPointerException">
      <![CDATA[java.lang.NullPointerException
at stepPack.OurWebSiteStepDefinition.user_is_on_registration_form_web_page(OurWebSiteStepDefinition.java:14)
at ✽.user is on registration form web page(src/test/resources/Feature/OurWebSite.feature:5)
]]>
    </failure>
  </testcase> <!-- runScenario -->
  <testcase classname="cucumber.api.testng.AbstractTestNGCucumberTests" name="runScenario" time="3.608">
    <failure type="java.lang.NullPointerException">
      <![CDATA[java.lang.NullPointerException
at stepPack.OurWebSiteStepDefinition.user_is_on_registration_form_web_page(OurWebSiteStepDefinition.java:14)
at ✽.user is on registration form web page(src/test/resources/Feature/OurWebSite.feature:5)
]]>
    </failure>
  </testcase> <!-- runScenario -->
  <testcase classname="cucumber.api.testng.AbstractTestNGCucumberTests" name="runScenario" time="3.695">
    <failure type="java.lang.NullPointerException">
      <![CDATA[java.lang.NullPointerException
at stepPack.OurWebSiteStepDefinition.user_is_on_registration_form_web_page(OurWebSiteStepDefinition.java:14)
at ✽.user is on registration form web page(src/test/resources/Feature/OurWebSite.feature:5)
]]>
    </failure>
  </testcase> <!-- runScenario -->
</testsuite> <!-- Default test -->
