<?xml version="1.0" encoding="UTF-8"?>
<testng-results ignored="0" total="6" passed="6" failed="0" skipped="0">
  <reporter-output>
    <line>
      <![CDATA[<div "result">user is on registration form web page (PASSED : 0s)</div>]]>
    </line>
    <line>
      <![CDATA[<div "result">user will Enter &quot;Farhana&quot;, &quot;Zaman&quot;,&quot;farhana@yahoo.com&quot;, &quot;farhana@yahoo.com&quot;,&quot;far7645&quot; (PASSED : 0s)</div>]]>
    </line>
    <line>
      <![CDATA[<div "result">user will click on &quot;Female&quot; (PASSED : 0s)</div>]]>
    </line>
    <line>
      <![CDATA[<div "result">user will select &quot;Jun&quot;,&quot;25&quot;, &quot;1987&quot; (PASSED : 0s)</div>]]>
    </line>
    <line>
      <![CDATA[<div "result">user will able to register successfully (PASSED : 0s)</div>]]>
    </line>
    <line>
      <![CDATA[<div "result">user is on registration form web page (PASSED : 0s)</div>]]>
    </line>
    <line>
      <![CDATA[<div "result">user will Enter &quot;Mohammed&quot;, &quot;Islam&quot;,&quot;islam@gmail.com&quot;, &quot;islam@gmail.com&quot;,&quot;islam423&quot; (PASSED : 0s)</div>]]>
    </line>
    <line>
      <![CDATA[<div "result">user will click on &quot;Male&quot; (PASSED : 0s)</div>]]>
    </line>
    <line>
      <![CDATA[<div "result">user will select &quot;May&quot;,&quot;26&quot;, &quot;1975&quot; (PASSED : 0s)</div>]]>
    </line>
    <line>
      <![CDATA[<div "result">user will able to register successfully (PASSED : 0s)</div>]]>
    </line>
    <line>
      <![CDATA[<div "result">user is on registration form web page (PASSED : 0s)</div>]]>
    </line>
    <line>
      <![CDATA[<div "result">user will Enter &quot;Padma&quot;, &quot;Khan&quot;,&quot;padma@yahoo.com&quot;, &quot;padma@yahoo.com&quot;,&quot;padm1432&quot; (PASSED : 0s)</div>]]>
    </line>
    <line>
      <![CDATA[<div "result">user will click on &quot;Female&quot; (PASSED : 0s)</div>]]>
    </line>
    <line>
      <![CDATA[<div "result">user will select &quot;Feb&quot;,&quot;27&quot;, &quot;1985&quot; (PASSED : 0s)</div>]]>
    </line>
    <line>
      <![CDATA[<div "result">user will able to register successfully (PASSED : 0s)</div>]]>
    </line>
    <line>
      <![CDATA[<div "result">user is on registration form web page (PASSED : 0s)</div>]]>
    </line>
    <line>
      <![CDATA[<div "result">user will Enter &quot;Farhana&quot;, &quot;Zaman&quot;,&quot;farhana@yahoo.com&quot;, &quot;farhana@yahoo.com&quot;,&quot;far7645&quot; (PASSED : 0s)</div>]]>
    </line>
    <line>
      <![CDATA[<div "result">user will click on &quot;Female&quot; (PASSED : 0s)</div>]]>
    </line>
    <line>
      <![CDATA[<div "result">user will select &quot;Jun&quot;,&quot;28&quot;, &quot;1987&quot; (PASSED : 0s)</div>]]>
    </line>
    <line>
      <![CDATA[<div "result">user will able to register successfully (PASSED : 0s)</div>]]>
    </line>
    <line>
      <![CDATA[<div "result">user is on registration form web page (PASSED : 0s)</div>]]>
    </line>
    <line>
      <![CDATA[<div "result">user will Enter &quot;Mohammed&quot;, &quot;Zahir&quot;,&quot;islam@gmail.com&quot;, &quot;islam@gmail.com&quot;,&quot;islam423&quot; (PASSED : 0s)</div>]]>
    </line>
    <line>
      <![CDATA[<div "result">user will click on &quot;Male&quot; (PASSED : 0s)</div>]]>
    </line>
    <line>
      <![CDATA[<div "result">user will select &quot;May&quot;,&quot;29&quot;, &quot;1975&quot; (PASSED : 0s)</div>]]>
    </line>
    <line>
      <![CDATA[<div "result">user will able to register successfully (PASSED : 0s)</div>]]>
    </line>
    <line>
      <![CDATA[<div "result">user is on registration form web page (PASSED : 0s)</div>]]>
    </line>
    <line>
      <![CDATA[<div "result">user will Enter &quot;Oyshi&quot;, &quot;Khan&quot;,&quot;padma@yahoo.com&quot;, &quot;padma@yahoo.com&quot;,&quot;padm1432&quot; (PASSED : 0s)</div>]]>
    </line>
    <line>
      <![CDATA[<div "result">user will click on &quot;Female&quot; (PASSED : 0s)</div>]]>
    </line>
    <line>
      <![CDATA[<div "result">user will select &quot;Feb&quot;,&quot;30&quot;, &quot;1985&quot; (PASSED : 0s)</div>]]>
    </line>
    <line>
      <![CDATA[<div "result">user will able to register successfully (PASSED : 0s)</div>]]>
    </line>
  </reporter-output>
  <suite started-at="2018-07-04T13:51:13Z" name="stepPack.TestRunner" finished-at="2018-07-04T13:51:37Z" duration-ms="23671">
    <groups>
      <group name="cucumber">
        <method signature="AbstractTestNGCucumberTests.runScenario(cucumber.api.testng.PickleEventWrapper, cucumber.api.testng.CucumberFeatureWrapper)[pri:0, instance:stepPack.TestRunner@7ed7259e]" name="runScenario" class="cucumber.api.testng.AbstractTestNGCucumberTests"/>
      </group> <!-- cucumber -->
    </groups>
    <test started-at="2018-07-04T13:51:13Z" name="Command line test" finished-at="2018-07-04T13:51:37Z" duration-ms="23671">
      <class name="stepPack.TestRunner">
        <test-method is-config="true" signature="setUpClass()[pri:0, instance:stepPack.TestRunner@7ed7259e]" started-at="2018-07-04T13:51:13Z" name="setUpClass" finished-at="2018-07-04T13:51:14Z" duration-ms="155" status="PASS">
          <reporter-output>
          </reporter-output>
        </test-method> <!-- setUpClass -->
        <test-method signature="runScenario(cucumber.api.testng.PickleEventWrapper, cucumber.api.testng.CucumberFeatureWrapper)[pri:0, instance:stepPack.TestRunner@7ed7259e]" started-at="2018-07-04T13:51:14Z" name="runScenario" description="Runs Cucumber Scenarios" data-provider="scenarios" finished-at="2018-07-04T13:51:18Z" duration-ms="4374" status="PASS">
          <params>
            <param index="0">
              <value>
                <![CDATA["User will able to Registration by using valid data"]]>
              </value>
            </param>
            <param index="1">
              <value>
                <![CDATA["Registration form fillup"]]>
              </value>
            </param>
          </params>
          <reporter-output>
            <line>
              <![CDATA[<div "result">user is on registration form web page (PASSED : 0s)</div>]]>
            </line>
            <line>
              <![CDATA[<div "result">user will Enter &quot;Farhana&quot;, &quot;Zaman&quot;,&quot;farhana@yahoo.com&quot;, &quot;farhana@yahoo.com&quot;,&quot;far7645&quot; (PASSED : 0s)</div>]]>
            </line>
            <line>
              <![CDATA[<div "result">user will click on &quot;Female&quot; (PASSED : 0s)</div>]]>
            </line>
            <line>
              <![CDATA[<div "result">user will select &quot;Jun&quot;,&quot;25&quot;, &quot;1987&quot; (PASSED : 0s)</div>]]>
            </line>
            <line>
              <![CDATA[<div "result">user will able to register successfully (PASSED : 0s)</div>]]>
            </line>
          </reporter-output>
        </test-method> <!-- runScenario -->
        <test-method signature="runScenario(cucumber.api.testng.PickleEventWrapper, cucumber.api.testng.CucumberFeatureWrapper)[pri:0, instance:stepPack.TestRunner@7ed7259e]" started-at="2018-07-04T13:51:18Z" name="runScenario" description="Runs Cucumber Scenarios" data-provider="scenarios" finished-at="2018-07-04T13:51:22Z" duration-ms="3830" status="PASS">
          <params>
            <param index="0">
              <value>
                <![CDATA["User will able to Registration by using valid data"]]>
              </value>
            </param>
            <param index="1">
              <value>
                <![CDATA["Registration form fillup"]]>
              </value>
            </param>
          </params>
          <reporter-output>
            <line>
              <![CDATA[<div "result">user is on registration form web page (PASSED : 0s)</div>]]>
            </line>
            <line>
              <![CDATA[<div "result">user will Enter &quot;Mohammed&quot;, &quot;Islam&quot;,&quot;islam@gmail.com&quot;, &quot;islam@gmail.com&quot;,&quot;islam423&quot; (PASSED : 0s)</div>]]>
            </line>
            <line>
              <![CDATA[<div "result">user will click on &quot;Male&quot; (PASSED : 0s)</div>]]>
            </line>
            <line>
              <![CDATA[<div "result">user will select &quot;May&quot;,&quot;26&quot;, &quot;1975&quot; (PASSED : 0s)</div>]]>
            </line>
            <line>
              <![CDATA[<div "result">user will able to register successfully (PASSED : 0s)</div>]]>
            </line>
          </reporter-output>
        </test-method> <!-- runScenario -->
        <test-method signature="runScenario(cucumber.api.testng.PickleEventWrapper, cucumber.api.testng.CucumberFeatureWrapper)[pri:0, instance:stepPack.TestRunner@7ed7259e]" started-at="2018-07-04T13:51:22Z" name="runScenario" description="Runs Cucumber Scenarios" data-provider="scenarios" finished-at="2018-07-04T13:51:26Z" duration-ms="3900" status="PASS">
          <params>
            <param index="0">
              <value>
                <![CDATA["User will able to Registration by using valid data"]]>
              </value>
            </param>
            <param index="1">
              <value>
                <![CDATA["Registration form fillup"]]>
              </value>
            </param>
          </params>
          <reporter-output>
            <line>
              <![CDATA[<div "result">user is on registration form web page (PASSED : 0s)</div>]]>
            </line>
            <line>
              <![CDATA[<div "result">user will Enter &quot;Padma&quot;, &quot;Khan&quot;,&quot;padma@yahoo.com&quot;, &quot;padma@yahoo.com&quot;,&quot;padm1432&quot; (PASSED : 0s)</div>]]>
            </line>
            <line>
              <![CDATA[<div "result">user will click on &quot;Female&quot; (PASSED : 0s)</div>]]>
            </line>
            <line>
              <![CDATA[<div "result">user will select &quot;Feb&quot;,&quot;27&quot;, &quot;1985&quot; (PASSED : 0s)</div>]]>
            </line>
            <line>
              <![CDATA[<div "result">user will able to register successfully (PASSED : 0s)</div>]]>
            </line>
          </reporter-output>
        </test-method> <!-- runScenario -->
        <test-method signature="runScenario(cucumber.api.testng.PickleEventWrapper, cucumber.api.testng.CucumberFeatureWrapper)[pri:0, instance:stepPack.TestRunner@7ed7259e]" started-at="2018-07-04T13:51:26Z" name="runScenario" description="Runs Cucumber Scenarios" data-provider="scenarios" finished-at="2018-07-04T13:51:30Z" duration-ms="3821" status="PASS">
          <params>
            <param index="0">
              <value>
                <![CDATA["User will able to Registration by using valid data"]]>
              </value>
            </param>
            <param index="1">
              <value>
                <![CDATA["Registration form fillup"]]>
              </value>
            </param>
          </params>
          <reporter-output>
            <line>
              <![CDATA[<div "result">user is on registration form web page (PASSED : 0s)</div>]]>
            </line>
            <line>
              <![CDATA[<div "result">user will Enter &quot;Farhana&quot;, &quot;Zaman&quot;,&quot;farhana@yahoo.com&quot;, &quot;farhana@yahoo.com&quot;,&quot;far7645&quot; (PASSED : 0s)</div>]]>
            </line>
            <line>
              <![CDATA[<div "result">user will click on &quot;Female&quot; (PASSED : 0s)</div>]]>
            </line>
            <line>
              <![CDATA[<div "result">user will select &quot;Jun&quot;,&quot;28&quot;, &quot;1987&quot; (PASSED : 0s)</div>]]>
            </line>
            <line>
              <![CDATA[<div "result">user will able to register successfully (PASSED : 0s)</div>]]>
            </line>
          </reporter-output>
        </test-method> <!-- runScenario -->
        <test-method signature="runScenario(cucumber.api.testng.PickleEventWrapper, cucumber.api.testng.CucumberFeatureWrapper)[pri:0, instance:stepPack.TestRunner@7ed7259e]" started-at="2018-07-04T13:51:30Z" name="runScenario" description="Runs Cucumber Scenarios" data-provider="scenarios" finished-at="2018-07-04T13:51:33Z" duration-ms="3767" status="PASS">
          <params>
            <param index="0">
              <value>
                <![CDATA["User will able to Registration by using valid data"]]>
              </value>
            </param>
            <param index="1">
              <value>
                <![CDATA["Registration form fillup"]]>
              </value>
            </param>
          </params>
          <reporter-output>
            <line>
              <![CDATA[<div "result">user is on registration form web page (PASSED : 0s)</div>]]>
            </line>
            <line>
              <![CDATA[<div "result">user will Enter &quot;Mohammed&quot;, &quot;Zahir&quot;,&quot;islam@gmail.com&quot;, &quot;islam@gmail.com&quot;,&quot;islam423&quot; (PASSED : 0s)</div>]]>
            </line>
            <line>
              <![CDATA[<div "result">user will click on &quot;Male&quot; (PASSED : 0s)</div>]]>
            </line>
            <line>
              <![CDATA[<div "result">user will select &quot;May&quot;,&quot;29&quot;, &quot;1975&quot; (PASSED : 0s)</div>]]>
            </line>
            <line>
              <![CDATA[<div "result">user will able to register successfully (PASSED : 0s)</div>]]>
            </line>
          </reporter-output>
        </test-method> <!-- runScenario -->
        <test-method signature="runScenario(cucumber.api.testng.PickleEventWrapper, cucumber.api.testng.CucumberFeatureWrapper)[pri:0, instance:stepPack.TestRunner@7ed7259e]" started-at="2018-07-04T13:51:33Z" name="runScenario" description="Runs Cucumber Scenarios" data-provider="scenarios" finished-at="2018-07-04T13:51:37Z" duration-ms="3782" status="PASS">
          <params>
            <param index="0">
              <value>
                <![CDATA["User will able to Registration by using valid data"]]>
              </value>
            </param>
            <param index="1">
              <value>
                <![CDATA["Registration form fillup"]]>
              </value>
            </param>
          </params>
          <reporter-output>
            <line>
              <![CDATA[<div "result">user is on registration form web page (PASSED : 0s)</div>]]>
            </line>
            <line>
              <![CDATA[<div "result">user will Enter &quot;Oyshi&quot;, &quot;Khan&quot;,&quot;padma@yahoo.com&quot;, &quot;padma@yahoo.com&quot;,&quot;padm1432&quot; (PASSED : 0s)</div>]]>
            </line>
            <line>
              <![CDATA[<div "result">user will click on &quot;Female&quot; (PASSED : 0s)</div>]]>
            </line>
            <line>
              <![CDATA[<div "result">user will select &quot;Feb&quot;,&quot;30&quot;, &quot;1985&quot; (PASSED : 0s)</div>]]>
            </line>
            <line>
              <![CDATA[<div "result">user will able to register successfully (PASSED : 0s)</div>]]>
            </line>
          </reporter-output>
        </test-method> <!-- runScenario -->
        <test-method is-config="true" signature="tearDownClass()[pri:0, instance:stepPack.TestRunner@7ed7259e]" started-at="2018-07-04T13:51:37Z" name="tearDownClass" finished-at="2018-07-04T13:51:37Z" duration-ms="3" status="PASS">
          <reporter-output>
          </reporter-output>
        </test-method> <!-- tearDownClass -->
      </class> <!-- stepPack.TestRunner -->
    </test> <!-- Command line test -->
  </suite> <!-- stepPack.TestRunner -->
</testng-results>
