<?xml version="1.0" encoding="UTF-8" ?>
<testsuite tests="9" failures="9" name="stepPack.TestRunner" time="33.167" errors="0" skipped="0">
  <properties>
[...]
</properties>
  <testcase classname="stepPack.TestRunner" name="runScenario" time="4.061">
    <failure type="java.lang.NullPointerException">java.lang.NullPointerException
	at stepPack.FundTransferStepdefinition.i_am_on_fund_transfer_web_page(FundTransferStepdefinition.java:18)
	at ✽.I am on fund transfer web page(src/test/resources/Feature/FundTranfer.feature:5)
</failure>
    <system-out>Configuring TestNG with: org.apache.maven.surefire.testng.conf.TestNG652Configurator@6ee52dcd
</system-out>
    <system-err>Starting ChromeDriver 2.39.562718 (9a2698cba08cf5a471a29d30c8b3e12becabb0e9) on port 38242
Only local connections are allowed.
Jul 12, 2018 6:11:26 PM org.openqa.selenium.remote.ProtocolHandshake createSession
INFO: Detected dialect: OSS
</system-err>
  </testcase>
  <testcase classname="stepPack.TestRunner" name="runScenario" time="3.23">
    <failure type="java.lang.NullPointerException">java.lang.NullPointerException
	at stepPack.FundTransferStepdefinition.i_am_on_fund_transfer_web_page(FundTransferStepdefinition.java:18)
	at ✽.I am on fund transfer web page(src/test/resources/Feature/FundTranfer.feature:11)
</failure>
    <system-err>Starting ChromeDriver 2.39.562718 (9a2698cba08cf5a471a29d30c8b3e12becabb0e9) on port 28154
Only local connections are allowed.
Jul 12, 2018 6:11:29 PM org.openqa.selenium.remote.ProtocolHandshake createSession
INFO: Detected dialect: OSS
</system-err>
  </testcase>
  <testcase classname="stepPack.TestRunner" name="runScenario" time="3.236">
    <failure type="java.lang.NullPointerException">java.lang.NullPointerException
	at stepPack.FundTransferStepdefinition.i_am_on_fund_transfer_web_page(FundTransferStepdefinition.java:18)
	at ✽.I am on fund transfer web page(src/test/resources/Feature/FundTranfer.feature:17)
</failure>
    <system-err>Starting ChromeDriver 2.39.562718 (9a2698cba08cf5a471a29d30c8b3e12becabb0e9) on port 29538
Only local connections are allowed.
Jul 12, 2018 6:11:32 PM org.openqa.selenium.remote.ProtocolHandshake createSession
INFO: Detected dialect: OSS
</system-err>
  </testcase>
  <testcase classname="stepPack.TestRunner" name="runScenario" time="3.527">
    <failure type="java.lang.NullPointerException">java.lang.NullPointerException
	at stepPack.OurWebSiteStepDefinition.user_is_on_registration_form_web_page(OurWebSiteStepDefinition.java:14)
	at ✽.user is on registration form web page(src/test/resources/Feature/OurWebSite.feature:5)
</failure>
    <system-err>Starting ChromeDriver 2.39.562718 (9a2698cba08cf5a471a29d30c8b3e12becabb0e9) on port 18369
Only local connections are allowed.
Jul 12, 2018 6:11:36 PM org.openqa.selenium.remote.ProtocolHandshake createSession
INFO: Detected dialect: OSS
</system-err>
  </testcase>
  <testcase classname="stepPack.TestRunner" name="runScenario" time="3.581">
    <failure type="java.lang.NullPointerException">java.lang.NullPointerException
	at stepPack.OurWebSiteStepDefinition.user_is_on_registration_form_web_page(OurWebSiteStepDefinition.java:14)
	at ✽.user is on registration form web page(src/test/resources/Feature/OurWebSite.feature:5)
</failure>
    <system-err>Starting ChromeDriver 2.39.562718 (9a2698cba08cf5a471a29d30c8b3e12becabb0e9) on port 48857
Only local connections are allowed.
Jul 12, 2018 6:11:39 PM org.openqa.selenium.remote.ProtocolHandshake createSession
INFO: Detected dialect: OSS
</system-err>
  </testcase>
  <testcase classname="stepPack.TestRunner" name="runScenario" time="5.857">
    <failure type="java.lang.NullPointerException">java.lang.NullPointerException
	at stepPack.OurWebSiteStepDefinition.user_is_on_registration_form_web_page(OurWebSiteStepDefinition.java:14)
	at ✽.user is on registration form web page(src/test/resources/Feature/OurWebSite.feature:5)
</failure>
    <system-err>Starting ChromeDriver 2.39.562718 (9a2698cba08cf5a471a29d30c8b3e12becabb0e9) on port 43429
Only local connections are allowed.
Jul 12, 2018 6:11:43 PM org.openqa.selenium.remote.ProtocolHandshake createSession
INFO: Detected dialect: OSS
</system-err>
  </testcase>
  <testcase classname="stepPack.TestRunner" name="runScenario" time="3.198">
    <failure type="java.lang.NullPointerException">java.lang.NullPointerException
	at stepPack.OurWebSiteStepDefinition.user_is_on_registration_form_web_page(OurWebSiteStepDefinition.java:14)
	at ✽.user is on registration form web page(src/test/resources/Feature/OurWebSite.feature:5)
</failure>
    <system-err>Starting ChromeDriver 2.39.562718 (9a2698cba08cf5a471a29d30c8b3e12becabb0e9) on port 39111
Only local connections are allowed.
Jul 12, 2018 6:11:49 PM org.openqa.selenium.remote.ProtocolHandshake createSession
INFO: Detected dialect: OSS
</system-err>
  </testcase>
  <testcase classname="stepPack.TestRunner" name="runScenario" time="3.242">
    <failure type="java.lang.NullPointerException">java.lang.NullPointerException
	at stepPack.OurWebSiteStepDefinition.user_is_on_registration_form_web_page(OurWebSiteStepDefinition.java:14)
	at ✽.user is on registration form web page(src/test/resources/Feature/OurWebSite.feature:5)
</failure>
    <system-err>Starting ChromeDriver 2.39.562718 (9a2698cba08cf5a471a29d30c8b3e12becabb0e9) on port 27137
Only local connections are allowed.
Jul 12, 2018 6:11:52 PM org.openqa.selenium.remote.ProtocolHandshake createSession
INFO: Detected dialect: OSS
</system-err>
  </testcase>
  <testcase classname="stepPack.TestRunner" name="runScenario" time="3.235">
    <failure type="java.lang.NullPointerException">java.lang.NullPointerException
	at stepPack.OurWebSiteStepDefinition.user_is_on_registration_form_web_page(OurWebSiteStepDefinition.java:14)
	at ✽.user is on registration form web page(src/test/resources/Feature/OurWebSite.feature:5)
</failure>
    <system-err>Starting ChromeDriver 2.39.562718 (9a2698cba08cf5a471a29d30c8b3e12becabb0e9) on port 2399
Only local connections are allowed.
Jul 12, 2018 6:11:55 PM org.openqa.selenium.remote.ProtocolHandshake createSession
INFO: Detected dialect: OSS
</system-err>
  </testcase>
</testsuite>