<?xml version="1.0" encoding="UTF-8"?>
<testng-results ignored="0" total="9" passed="0" failed="9" skipped="0">
  <reporter-output>
    <line>
      <![CDATA[<div "result">I am on fund transfer web page (FAILED : 0s)</div>]]>
    </line>
    <line>
      <![CDATA[<div "result">I enter valid payee &quot;Jim&quot; and valid amount &quot;500&quot; (SKIPPED)</div>]]>
    </line>
    <line>
      <![CDATA[<div "result">I click on Transfer button (SKIPPED)</div>]]>
    </line>
    <line>
      <![CDATA[<div "result">I should get success message &quot;$500 transferred successfully to Jim!!&quot; (SKIPPED)</div>]]>
    </line>
    <line>
      <![CDATA[<div "result">I am on fund transfer web page (FAILED : 0s)</div>]]>
    </line>
    <line>
      <![CDATA[<div "result">I enter valid payee &quot;Jim&quot; and invalid amount &quot;6000&quot; (SKIPPED)</div>]]>
    </line>
    <line>
      <![CDATA[<div "result">I click on Transfer button (SKIPPED)</div>]]>
    </line>
    <line>
      <![CDATA[<div "result">I should get fail message &quot;Transfer failed!! account cannot be overdrawn&quot; (SKIPPED)</div>]]>
    </line>
    <line>
      <![CDATA[<div "result">I am on fund transfer web page (FAILED : 0s)</div>]]>
    </line>
    <line>
      <![CDATA[<div "result">I enter invalid payee &quot;John&quot; and valid amount &quot;500&quot; (SKIPPED)</div>]]>
    </line>
    <line>
      <![CDATA[<div "result">I click on Transfer button (SKIPPED)</div>]]>
    </line>
    <line>
      <![CDATA[<div "result">I should get fail message &quot;Transfer failed!! &#x27;John&#x27; is not approved. Please contact your branch&quot; (SKIPPED)</div>]]>
    </line>
    <line>
      <![CDATA[<div "result">user is on registration form web page (FAILED : 0s)</div>]]>
    </line>
    <line>
      <![CDATA[<div "result">user will Enter &quot;Farhana&quot;, &quot;Zaman&quot;,&quot;farhana@yahoo.com&quot;, &quot;farhana@yahoo.com&quot;,&quot;far7645&quot; (SKIPPED)</div>]]>
    </line>
    <line>
      <![CDATA[<div "result">user will click on &quot;Female&quot; (SKIPPED)</div>]]>
    </line>
    <line>
      <![CDATA[<div "result">user will select &quot;Jun&quot;,&quot;25&quot;, &quot;1987&quot; (SKIPPED)</div>]]>
    </line>
    <line>
      <![CDATA[<div "result">user will able to register successfully (SKIPPED)</div>]]>
    </line>
    <line>
      <![CDATA[<div "result">user is on registration form web page (FAILED : 0s)</div>]]>
    </line>
    <line>
      <![CDATA[<div "result">user will Enter &quot;Mohammed&quot;, &quot;Islam&quot;,&quot;islam@gmail.com&quot;, &quot;islam@gmail.com&quot;,&quot;islam423&quot; (SKIPPED)</div>]]>
    </line>
    <line>
      <![CDATA[<div "result">user will click on &quot;Male&quot; (SKIPPED)</div>]]>
    </line>
    <line>
      <![CDATA[<div "result">user will select &quot;May&quot;,&quot;26&quot;, &quot;1975&quot; (SKIPPED)</div>]]>
    </line>
    <line>
      <![CDATA[<div "result">user will able to register successfully (SKIPPED)</div>]]>
    </line>
    <line>
      <![CDATA[<div "result">user is on registration form web page (FAILED : 0s)</div>]]>
    </line>
    <line>
      <![CDATA[<div "result">user will Enter &quot;Padma&quot;, &quot;Khan&quot;,&quot;padma@yahoo.com&quot;, &quot;padma@yahoo.com&quot;,&quot;padm1432&quot; (SKIPPED)</div>]]>
    </line>
    <line>
      <![CDATA[<div "result">user will click on &quot;Female&quot; (SKIPPED)</div>]]>
    </line>
    <line>
      <![CDATA[<div "result">user will select &quot;Feb&quot;,&quot;27&quot;, &quot;1985&quot; (SKIPPED)</div>]]>
    </line>
    <line>
      <![CDATA[<div "result">user will able to register successfully (SKIPPED)</div>]]>
    </line>
    <line>
      <![CDATA[<div "result">user is on registration form web page (FAILED : 0s)</div>]]>
    </line>
    <line>
      <![CDATA[<div "result">user will Enter &quot;Farhana&quot;, &quot;Zaman&quot;,&quot;farhana@yahoo.com&quot;, &quot;farhana@yahoo.com&quot;,&quot;far7645&quot; (SKIPPED)</div>]]>
    </line>
    <line>
      <![CDATA[<div "result">user will click on &quot;Female&quot; (SKIPPED)</div>]]>
    </line>
    <line>
      <![CDATA[<div "result">user will select &quot;Jun&quot;,&quot;28&quot;, &quot;1987&quot; (SKIPPED)</div>]]>
    </line>
    <line>
      <![CDATA[<div "result">user will able to register successfully (SKIPPED)</div>]]>
    </line>
    <line>
      <![CDATA[<div "result">user is on registration form web page (FAILED : 0s)</div>]]>
    </line>
    <line>
      <![CDATA[<div "result">user will Enter &quot;Mohammed&quot;, &quot;Zahir&quot;,&quot;islam@gmail.com&quot;, &quot;islam@gmail.com&quot;,&quot;islam423&quot; (SKIPPED)</div>]]>
    </line>
    <line>
      <![CDATA[<div "result">user will click on &quot;Male&quot; (SKIPPED)</div>]]>
    </line>
    <line>
      <![CDATA[<div "result">user will select &quot;May&quot;,&quot;29&quot;, &quot;1975&quot; (SKIPPED)</div>]]>
    </line>
    <line>
      <![CDATA[<div "result">user will able to register successfully (SKIPPED)</div>]]>
    </line>
    <line>
      <![CDATA[<div "result">user is on registration form web page (FAILED : 0s)</div>]]>
    </line>
    <line>
      <![CDATA[<div "result">user will Enter &quot;Oyshi&quot;, &quot;Khan&quot;,&quot;padma@yahoo.com&quot;, &quot;padma@yahoo.com&quot;,&quot;padm1432&quot; (SKIPPED)</div>]]>
    </line>
    <line>
      <![CDATA[<div "result">user will click on &quot;Female&quot; (SKIPPED)</div>]]>
    </line>
    <line>
      <![CDATA[<div "result">user will select &quot;Feb&quot;,&quot;30&quot;, &quot;1985&quot; (SKIPPED)</div>]]>
    </line>
    <line>
      <![CDATA[<div "result">user will able to register successfully (SKIPPED)</div>]]>
    </line>
  </reporter-output>
  <suite started-at="2018-07-12T23:11:23Z" name="stepPack.TestRunner" finished-at="2018-07-12T23:11:56Z" duration-ms="33407">
    <groups>
      <group name="cucumber">
        <method signature="AbstractTestNGCucumberTests.runScenario(cucumber.api.testng.PickleEventWrapper, cucumber.api.testng.CucumberFeatureWrapper)[pri:0, instance:stepPack.TestRunner@1ea9f6af]" name="runScenario" class="cucumber.api.testng.AbstractTestNGCucumberTests"/>
      </group> <!-- cucumber -->
    </groups>
    <test started-at="2018-07-12T23:11:23Z" name="Command line test" finished-at="2018-07-12T23:11:56Z" duration-ms="33407">
      <class name="stepPack.TestRunner">
        <test-method is-config="true" signature="setUpClass()[pri:0, instance:stepPack.TestRunner@1ea9f6af]" started-at="2018-07-12T23:11:23Z" name="setUpClass" finished-at="2018-07-12T23:11:23Z" duration-ms="181" status="PASS">
          <reporter-output>
          </reporter-output>
        </test-method> <!-- setUpClass -->
        <test-method signature="runScenario(cucumber.api.testng.PickleEventWrapper, cucumber.api.testng.CucumberFeatureWrapper)[pri:0, instance:stepPack.TestRunner@1ea9f6af]" started-at="2018-07-12T23:11:23Z" name="runScenario" description="Runs Cucumber Scenarios" data-provider="scenarios" finished-at="2018-07-12T23:11:27Z" duration-ms="4053" status="FAIL">
          <params>
            <param index="0">
              <value>
                <![CDATA["Valid payee and Valid Amount"]]>
              </value>
            </param>
            <param index="1">
              <value>
                <![CDATA["Fund Transfer functionality"]]>
              </value>
            </param>
          </params>
          <exception class="java.lang.NullPointerException">
            <full-stacktrace>
              <![CDATA[java.lang.NullPointerException
at stepPack.FundTransferStepdefinition.i_am_on_fund_transfer_web_page(FundTransferStepdefinition.java:18)
at ✽.I am on fund transfer web page(src/test/resources/Feature/FundTranfer.feature:5)
]]>
            </full-stacktrace>
          </exception> <!-- java.lang.NullPointerException -->
          <reporter-output>
            <line>
              <![CDATA[<div "result">I am on fund transfer web page (FAILED : 0s)</div>]]>
            </line>
            <line>
              <![CDATA[<div "result">I enter valid payee &quot;Jim&quot; and valid amount &quot;500&quot; (SKIPPED)</div>]]>
            </line>
            <line>
              <![CDATA[<div "result">I click on Transfer button (SKIPPED)</div>]]>
            </line>
            <line>
              <![CDATA[<div "result">I should get success message &quot;$500 transferred successfully to Jim!!&quot; (SKIPPED)</div>]]>
            </line>
          </reporter-output>
        </test-method> <!-- runScenario -->
        <test-method signature="runScenario(cucumber.api.testng.PickleEventWrapper, cucumber.api.testng.CucumberFeatureWrapper)[pri:0, instance:stepPack.TestRunner@1ea9f6af]" started-at="2018-07-12T23:11:27Z" name="runScenario" description="Runs Cucumber Scenarios" data-provider="scenarios" finished-at="2018-07-12T23:11:30Z" duration-ms="3233" status="FAIL">
          <params>
            <param index="0">
              <value>
                <![CDATA["Valid payee and Invalid Amount"]]>
              </value>
            </param>
            <param index="1">
              <value>
                <![CDATA["Fund Transfer functionality"]]>
              </value>
            </param>
          </params>
          <exception class="java.lang.NullPointerException">
            <full-stacktrace>
              <![CDATA[java.lang.NullPointerException
at stepPack.FundTransferStepdefinition.i_am_on_fund_transfer_web_page(FundTransferStepdefinition.java:18)
at ✽.I am on fund transfer web page(src/test/resources/Feature/FundTranfer.feature:11)
]]>
            </full-stacktrace>
          </exception> <!-- java.lang.NullPointerException -->
          <reporter-output>
            <line>
              <![CDATA[<div "result">I am on fund transfer web page (FAILED : 0s)</div>]]>
            </line>
            <line>
              <![CDATA[<div "result">I enter valid payee &quot;Jim&quot; and invalid amount &quot;6000&quot; (SKIPPED)</div>]]>
            </line>
            <line>
              <![CDATA[<div "result">I click on Transfer button (SKIPPED)</div>]]>
            </line>
            <line>
              <![CDATA[<div "result">I should get fail message &quot;Transfer failed!! account cannot be overdrawn&quot; (SKIPPED)</div>]]>
            </line>
          </reporter-output>
        </test-method> <!-- runScenario -->
        <test-method signature="runScenario(cucumber.api.testng.PickleEventWrapper, cucumber.api.testng.CucumberFeatureWrapper)[pri:0, instance:stepPack.TestRunner@1ea9f6af]" started-at="2018-07-12T23:11:30Z" name="runScenario" description="Runs Cucumber Scenarios" data-provider="scenarios" finished-at="2018-07-12T23:11:34Z" duration-ms="3237" status="FAIL">
          <params>
            <param index="0">
              <value>
                <![CDATA["Invalid payee and Valid Amount"]]>
              </value>
            </param>
            <param index="1">
              <value>
                <![CDATA["Fund Transfer functionality"]]>
              </value>
            </param>
          </params>
          <exception class="java.lang.NullPointerException">
            <full-stacktrace>
              <![CDATA[java.lang.NullPointerException
at stepPack.FundTransferStepdefinition.i_am_on_fund_transfer_web_page(FundTransferStepdefinition.java:18)
at ✽.I am on fund transfer web page(src/test/resources/Feature/FundTranfer.feature:17)
]]>
            </full-stacktrace>
          </exception> <!-- java.lang.NullPointerException -->
          <reporter-output>
            <line>
              <![CDATA[<div "result">I am on fund transfer web page (FAILED : 0s)</div>]]>
            </line>
            <line>
              <![CDATA[<div "result">I enter invalid payee &quot;John&quot; and valid amount &quot;500&quot; (SKIPPED)</div>]]>
            </line>
            <line>
              <![CDATA[<div "result">I click on Transfer button (SKIPPED)</div>]]>
            </line>
            <line>
              <![CDATA[<div "result">I should get fail message &quot;Transfer failed!! &#x27;John&#x27; is not approved. Please contact your branch&quot; (SKIPPED)</div>]]>
            </line>
          </reporter-output>
        </test-method> <!-- runScenario -->
        <test-method signature="runScenario(cucumber.api.testng.PickleEventWrapper, cucumber.api.testng.CucumberFeatureWrapper)[pri:0, instance:stepPack.TestRunner@1ea9f6af]" started-at="2018-07-12T23:11:34Z" name="runScenario" description="Runs Cucumber Scenarios" data-provider="scenarios" finished-at="2018-07-12T23:11:37Z" duration-ms="3517" status="FAIL">
          <params>
            <param index="0">
              <value>
                <![CDATA["User will able to Registration by using valid data"]]>
              </value>
            </param>
            <param index="1">
              <value>
                <![CDATA["Registration form fillup"]]>
              </value>
            </param>
          </params>
          <exception class="java.lang.NullPointerException">
            <full-stacktrace>
              <![CDATA[java.lang.NullPointerException
at stepPack.OurWebSiteStepDefinition.user_is_on_registration_form_web_page(OurWebSiteStepDefinition.java:14)
at ✽.user is on registration form web page(src/test/resources/Feature/OurWebSite.feature:5)
]]>
            </full-stacktrace>
          </exception> <!-- java.lang.NullPointerException -->
          <reporter-output>
            <line>
              <![CDATA[<div "result">user is on registration form web page (FAILED : 0s)</div>]]>
            </line>
            <line>
              <![CDATA[<div "result">user will Enter &quot;Farhana&quot;, &quot;Zaman&quot;,&quot;farhana@yahoo.com&quot;, &quot;farhana@yahoo.com&quot;,&quot;far7645&quot; (SKIPPED)</div>]]>
            </line>
            <line>
              <![CDATA[<div "result">user will click on &quot;Female&quot; (SKIPPED)</div>]]>
            </line>
            <line>
              <![CDATA[<div "result">user will select &quot;Jun&quot;,&quot;25&quot;, &quot;1987&quot; (SKIPPED)</div>]]>
            </line>
            <line>
              <![CDATA[<div "result">user will able to register successfully (SKIPPED)</div>]]>
            </line>
          </reporter-output>
        </test-method> <!-- runScenario -->
        <test-method signature="runScenario(cucumber.api.testng.PickleEventWrapper, cucumber.api.testng.CucumberFeatureWrapper)[pri:0, instance:stepPack.TestRunner@1ea9f6af]" started-at="2018-07-12T23:11:37Z" name="runScenario" description="Runs Cucumber Scenarios" data-provider="scenarios" finished-at="2018-07-12T23:11:41Z" duration-ms="3583" status="FAIL">
          <params>
            <param index="0">
              <value>
                <![CDATA["User will able to Registration by using valid data"]]>
              </value>
            </param>
            <param index="1">
              <value>
                <![CDATA["Registration form fillup"]]>
              </value>
            </param>
          </params>
          <exception class="java.lang.NullPointerException">
            <full-stacktrace>
              <![CDATA[java.lang.NullPointerException
at stepPack.OurWebSiteStepDefinition.user_is_on_registration_form_web_page(OurWebSiteStepDefinition.java:14)
at ✽.user is on registration form web page(src/test/resources/Feature/OurWebSite.feature:5)
]]>
            </full-stacktrace>
          </exception> <!-- java.lang.NullPointerException -->
          <reporter-output>
            <line>
              <![CDATA[<div "result">user is on registration form web page (FAILED : 0s)</div>]]>
            </line>
            <line>
              <![CDATA[<div "result">user will Enter &quot;Mohammed&quot;, &quot;Islam&quot;,&quot;islam@gmail.com&quot;, &quot;islam@gmail.com&quot;,&quot;islam423&quot; (SKIPPED)</div>]]>
            </line>
            <line>
              <![CDATA[<div "result">user will click on &quot;Male&quot; (SKIPPED)</div>]]>
            </line>
            <line>
              <![CDATA[<div "result">user will select &quot;May&quot;,&quot;26&quot;, &quot;1975&quot; (SKIPPED)</div>]]>
            </line>
            <line>
              <![CDATA[<div "result">user will able to register successfully (SKIPPED)</div>]]>
            </line>
          </reporter-output>
        </test-method> <!-- runScenario -->
        <test-method signature="runScenario(cucumber.api.testng.PickleEventWrapper, cucumber.api.testng.CucumberFeatureWrapper)[pri:0, instance:stepPack.TestRunner@1ea9f6af]" started-at="2018-07-12T23:11:41Z" name="runScenario" description="Runs Cucumber Scenarios" data-provider="scenarios" finished-at="2018-07-12T23:11:47Z" duration-ms="5858" status="FAIL">
          <params>
            <param index="0">
              <value>
                <![CDATA["User will able to Registration by using valid data"]]>
              </value>
            </param>
            <param index="1">
              <value>
                <![CDATA["Registration form fillup"]]>
              </value>
            </param>
          </params>
          <exception class="java.lang.NullPointerException">
            <full-stacktrace>
              <![CDATA[java.lang.NullPointerException
at stepPack.OurWebSiteStepDefinition.user_is_on_registration_form_web_page(OurWebSiteStepDefinition.java:14)
at ✽.user is on registration form web page(src/test/resources/Feature/OurWebSite.feature:5)
]]>
            </full-stacktrace>
          </exception> <!-- java.lang.NullPointerException -->
          <reporter-output>
            <line>
              <![CDATA[<div "result">user is on registration form web page (FAILED : 0s)</div>]]>
            </line>
            <line>
              <![CDATA[<div "result">user will Enter &quot;Padma&quot;, &quot;Khan&quot;,&quot;padma@yahoo.com&quot;, &quot;padma@yahoo.com&quot;,&quot;padm1432&quot; (SKIPPED)</div>]]>
            </line>
            <line>
              <![CDATA[<div "result">user will click on &quot;Female&quot; (SKIPPED)</div>]]>
            </line>
            <line>
              <![CDATA[<div "result">user will select &quot;Feb&quot;,&quot;27&quot;, &quot;1985&quot; (SKIPPED)</div>]]>
            </line>
            <line>
              <![CDATA[<div "result">user will able to register successfully (SKIPPED)</div>]]>
            </line>
          </reporter-output>
        </test-method> <!-- runScenario -->
        <test-method signature="runScenario(cucumber.api.testng.PickleEventWrapper, cucumber.api.testng.CucumberFeatureWrapper)[pri:0, instance:stepPack.TestRunner@1ea9f6af]" started-at="2018-07-12T23:11:47Z" name="runScenario" description="Runs Cucumber Scenarios" data-provider="scenarios" finished-at="2018-07-12T23:11:50Z" duration-ms="3196" status="FAIL">
          <params>
            <param index="0">
              <value>
                <![CDATA["User will able to Registration by using valid data"]]>
              </value>
            </param>
            <param index="1">
              <value>
                <![CDATA["Registration form fillup"]]>
              </value>
            </param>
          </params>
          <exception class="java.lang.NullPointerException">
            <full-stacktrace>
              <![CDATA[java.lang.NullPointerException
at stepPack.OurWebSiteStepDefinition.user_is_on_registration_form_web_page(OurWebSiteStepDefinition.java:14)
at ✽.user is on registration form web page(src/test/resources/Feature/OurWebSite.feature:5)
]]>
            </full-stacktrace>
          </exception> <!-- java.lang.NullPointerException -->
          <reporter-output>
            <line>
              <![CDATA[<div "result">user is on registration form web page (FAILED : 0s)</div>]]>
            </line>
            <line>
              <![CDATA[<div "result">user will Enter &quot;Farhana&quot;, &quot;Zaman&quot;,&quot;farhana@yahoo.com&quot;, &quot;farhana@yahoo.com&quot;,&quot;far7645&quot; (SKIPPED)</div>]]>
            </line>
            <line>
              <![CDATA[<div "result">user will click on &quot;Female&quot; (SKIPPED)</div>]]>
            </line>
            <line>
              <![CDATA[<div "result">user will select &quot;Jun&quot;,&quot;28&quot;, &quot;1987&quot; (SKIPPED)</div>]]>
            </line>
            <line>
              <![CDATA[<div "result">user will able to register successfully (SKIPPED)</div>]]>
            </line>
          </reporter-output>
        </test-method> <!-- runScenario -->
        <test-method signature="runScenario(cucumber.api.testng.PickleEventWrapper, cucumber.api.testng.CucumberFeatureWrapper)[pri:0, instance:stepPack.TestRunner@1ea9f6af]" started-at="2018-07-12T23:11:50Z" name="runScenario" description="Runs Cucumber Scenarios" data-provider="scenarios" finished-at="2018-07-12T23:11:53Z" duration-ms="3240" status="FAIL">
          <params>
            <param index="0">
              <value>
                <![CDATA["User will able to Registration by using valid data"]]>
              </value>
            </param>
            <param index="1">
              <value>
                <![CDATA["Registration form fillup"]]>
              </value>
            </param>
          </params>
          <exception class="java.lang.NullPointerException">
            <full-stacktrace>
              <![CDATA[java.lang.NullPointerException
at stepPack.OurWebSiteStepDefinition.user_is_on_registration_form_web_page(OurWebSiteStepDefinition.java:14)
at ✽.user is on registration form web page(src/test/resources/Feature/OurWebSite.feature:5)
]]>
            </full-stacktrace>
          </exception> <!-- java.lang.NullPointerException -->
          <reporter-output>
            <line>
              <![CDATA[<div "result">user is on registration form web page (FAILED : 0s)</div>]]>
            </line>
            <line>
              <![CDATA[<div "result">user will Enter &quot;Mohammed&quot;, &quot;Zahir&quot;,&quot;islam@gmail.com&quot;, &quot;islam@gmail.com&quot;,&quot;islam423&quot; (SKIPPED)</div>]]>
            </line>
            <line>
              <![CDATA[<div "result">user will click on &quot;Male&quot; (SKIPPED)</div>]]>
            </line>
            <line>
              <![CDATA[<div "result">user will select &quot;May&quot;,&quot;29&quot;, &quot;1975&quot; (SKIPPED)</div>]]>
            </line>
            <line>
              <![CDATA[<div "result">user will able to register successfully (SKIPPED)</div>]]>
            </line>
          </reporter-output>
        </test-method> <!-- runScenario -->
        <test-method signature="runScenario(cucumber.api.testng.PickleEventWrapper, cucumber.api.testng.CucumberFeatureWrapper)[pri:0, instance:stepPack.TestRunner@1ea9f6af]" started-at="2018-07-12T23:11:53Z" name="runScenario" description="Runs Cucumber Scenarios" data-provider="scenarios" finished-at="2018-07-12T23:11:56Z" duration-ms="3238" status="FAIL">
          <params>
            <param index="0">
              <value>
                <![CDATA["User will able to Registration by using valid data"]]>
              </value>
            </param>
            <param index="1">
              <value>
                <![CDATA["Registration form fillup"]]>
              </value>
            </param>
          </params>
          <exception class="java.lang.NullPointerException">
            <full-stacktrace>
              <![CDATA[java.lang.NullPointerException
at stepPack.OurWebSiteStepDefinition.user_is_on_registration_form_web_page(OurWebSiteStepDefinition.java:14)
at ✽.user is on registration form web page(src/test/resources/Feature/OurWebSite.feature:5)
]]>
            </full-stacktrace>
          </exception> <!-- java.lang.NullPointerException -->
          <reporter-output>
            <line>
              <![CDATA[<div "result">user is on registration form web page (FAILED : 0s)</div>]]>
            </line>
            <line>
              <![CDATA[<div "result">user will Enter &quot;Oyshi&quot;, &quot;Khan&quot;,&quot;padma@yahoo.com&quot;, &quot;padma@yahoo.com&quot;,&quot;padm1432&quot; (SKIPPED)</div>]]>
            </line>
            <line>
              <![CDATA[<div "result">user will click on &quot;Female&quot; (SKIPPED)</div>]]>
            </line>
            <line>
              <![CDATA[<div "result">user will select &quot;Feb&quot;,&quot;30&quot;, &quot;1985&quot; (SKIPPED)</div>]]>
            </line>
            <line>
              <![CDATA[<div "result">user will able to register successfully (SKIPPED)</div>]]>
            </line>
          </reporter-output>
        </test-method> <!-- runScenario -->
        <test-method is-config="true" signature="tearDownClass()[pri:0, instance:stepPack.TestRunner@1ea9f6af]" started-at="2018-07-12T23:11:56Z" name="tearDownClass" finished-at="2018-07-12T23:11:56Z" duration-ms="12" status="PASS">
          <reporter-output>
          </reporter-output>
        </test-method> <!-- tearDownClass -->
      </class> <!-- stepPack.TestRunner -->
    </test> <!-- Command line test -->
  </suite> <!-- stepPack.TestRunner -->
</testng-results>
